[09-Aug-2016 13:49:24 America/New_York] Error in /home/ubuntu/workspace/userfrosting/models/mysql/MySqlDatabaseObject.php on line 15: Invalid argument supplied for foreach()
[09-Aug-2016 13:49:24 America/New_York] #0 /home/ubuntu/workspace/userfrosting/models/mysql/MySqlDatabaseObject.php(15): Slim\Slim::handleErrors(2, 'Invalid argumen...', '/home/ubuntu/wo...', 15, Array)
#1 /home/ubuntu/workspace/userfrosting/models/mysql/MySqlGameWeek.php(18): UserFrosting\MySqlDatabaseObject->__construct(false, NULL)
#2 /home/ubuntu/workspace/userfrosting/models/mysql/MySqlGameWeek.php(169): UserFrosting\MySqlGameWeek->__construct(false, NULL)
#3 /home/ubuntu/workspace/userfrosting/controllers/WeekController.php(40): UserFrosting\MySqlGameWeek->getByeTeamsByWeek(NULL)
#4 /home/ubuntu/workspace/dashboard/index.php(185): UserFrosting\WeekController->formMakePickCreate()
#5 [internal function]: {closure}()
#6 /home/ubuntu/workspace/userfrosting/vendor/slim/slim/Slim/Route.php(468): call_user_func_array(Object(Closure), Array)
#7 /home/ubuntu/workspace/userfrosting/vendor/slim/slim/Slim/Slim.php(1357): Slim\Route->dispatch()
#8 /home/ubuntu/workspace/userfrosting/vendor/slim/slim/Slim/Middleware/Flash.php(85): Slim\Slim->call()
#9 /home/ubuntu/workspace/userfrosting/vendor/slim/slim/Slim/Middleware/MethodOverride.php(92): Slim\Middleware\Flash->call()
#10 /home/ubuntu/workspace/userfrosting/auth/CsrfGuard.php(51): Slim\Middleware\MethodOverride->call()
#11 /home/ubuntu/workspace/userfrosting/vendor/slim/slim/Slim/Slim.php(1302): Slim\Extras\Middleware\CsrfGuard->call()
#12 /home/ubuntu/workspace/dashboard/index.php(518): Slim\Slim->run()
#13 {main}
[11-Sep-2016 21:34:03 America/New_York] Error in /home/ubuntu/workspace/userfrosting/vendor/twig/twig/lib/Twig/Template.php on line 337: An exception has been thrown during the rendering of a template ("Object of class UserFrosting\MySqlPayment could not be converted to string") in "components/user-payment-history.html" at line 9.
[11-Sep-2016 21:34:03 America/New_York] #0 /home/ubuntu/workspace/userfrosting/vendor/twig/twig/lib/Twig/Template.php(296): Twig_Template->displayWithErrorHandling(Array, Array)
#1 /home/ubuntu/workspace/userfrosting/vendor/twig/twig/lib/Twig/Environment.php(332) : eval()'d code(58): Twig_Template->display(Array)
#2 /home/ubuntu/workspace/userfrosting/vendor/twig/twig/lib/Twig/Template.php(322): __TwigTemplate_ee16900b65dcfecfa6d49b6429952c6b169379a006491d5b8d40821e1dce8484->doDisplay(Array, Array)
#3 /home/ubuntu/workspace/userfrosting/vendor/twig/twig/lib/Twig/Template.php(296): Twig_Template->displayWithErrorHandling(Array, Array)
#4 /home/ubuntu/workspace/userfrosting/vendor/twig/twig/lib/Twig/Template.php(307): Twig_Template->display(Array)
#5 /home/ubuntu/workspace/userfrosting/vendor/slim/views/Twig.php(91): Twig_Template->render(Array)
#6 /home/ubuntu/workspace/userfrosting/vendor/slim/slim/Slim/View.php(255): Slim\Views\Twig->render('user_info.html', NULL)
#7 /home/ubuntu/workspace/userfrosting/vendor/slim/slim/Slim/View.php(243): Slim\View->fetch('user_info.html', NULL)
#8 /home/ubuntu/workspace/userfrosting/vendor/slim/slim/Slim/Slim.php(757): Slim\View->display('user_info.html')
#9 /home/ubuntu/workspace/userfrosting/controllers/UserController.php(159): Slim\Slim->render('user_info.html', Array)
#10 /home/ubuntu/workspace/dashboard/index.php(273): UserFrosting\UserController->pageUser('17')
#11 [internal function]: {closure}('17')
#12 /home/ubuntu/workspace/userfrosting/vendor/slim/slim/Slim/Route.php(468): call_user_func_array(Object(Closure), Array)
#13 /home/ubuntu/workspace/userfrosting/vendor/slim/slim/Slim/Slim.php(1357): Slim\Route->dispatch()
#14 /home/ubuntu/workspace/userfrosting/vendor/slim/slim/Slim/Middleware/Flash.php(85): Slim\Slim->call()
#15 /home/ubuntu/workspace/userfrosting/vendor/slim/slim/Slim/Middleware/MethodOverride.php(92): Slim\Middleware\Flash->call()
#16 /home/ubuntu/workspace/userfrosting/auth/CsrfGuard.php(51): Slim\Middleware\MethodOverride->call()
#17 /home/ubuntu/workspace/userfrosting/vendor/slim/slim/Slim/Slim.php(1302): Slim\Extras\Middleware\CsrfGuard->call()
#18 /home/ubuntu/workspace/dashboard/index.php(518): Slim\Slim->run()
#19 {main}
[28-Sep-2016 14:00:30 America/New_York] Error in /home/ubuntu/workspace/userfrosting/vendor/alexweissman/fortress/fortress/ClientSideValidator.php on line 14: file_get_contents(/home/ubuntu/workspace/userfrosting/schema/forms/user-enabled-update.json): failed to open stream: No such file or directory
[28-Sep-2016 14:00:30 America/New_York] #0 [internal function]: Slim\Slim::handleErrors(2, 'file_get_conten...', '/home/ubuntu/wo...', 14, Array)
#1 /home/ubuntu/workspace/userfrosting/vendor/alexweissman/fortress/fortress/ClientSideValidator.php(14): file_get_contents('/home/ubuntu/wo...')
#2 /home/ubuntu/workspace/userfrosting/controllers/UserController.php(576): Fortress\ClientSideValidator->__construct('/home/ubuntu/wo...')
#3 /home/ubuntu/workspace/dashboard/index.php(309): UserFrosting\UserController->formUserEnabledStatus('92')
#4 [internal function]: {closure}('92')
#5 /home/ubuntu/workspace/userfrosting/vendor/slim/slim/Slim/Route.php(468): call_user_func_array(Object(Closure), Array)
#6 /home/ubuntu/workspace/userfrosting/vendor/slim/slim/Slim/Slim.php(1357): Slim\Route->dispatch()
#7 /home/ubuntu/workspace/userfrosting/vendor/slim/slim/Slim/Middleware/Flash.php(85): Slim\Slim->call()
#8 /home/ubuntu/workspace/userfrosting/vendor/slim/slim/Slim/Middleware/MethodOverride.php(92): Slim\Middleware\Flash->call()
#9 /home/ubuntu/workspace/userfrosting/auth/CsrfGuard.php(51): Slim\Middleware\MethodOverride->call()
#10 /home/ubuntu/workspace/userfrosting/vendor/slim/slim/Slim/Slim.php(1302): Slim\Extras\Middleware\CsrfGuard->call()
#11 /home/ubuntu/workspace/dashboard/index.php(530): Slim\Slim->run()
#12 {main}
[28-Sep-2016 14:26:54 America/New_York] Error in /home/ubuntu/workspace/userfrosting/models/mysql/MySqlDatabaseObject.php on line 46: The column '_id' does not exist in the table 'kh_players'.
[28-Sep-2016 14:26:54 America/New_York] #0 /home/ubuntu/workspace/userfrosting/controllers/UserController.php(666): UserFrosting\MySqlDatabaseObject->__get('_id')
#1 /home/ubuntu/workspace/dashboard/index.php(315): UserFrosting\UserController->disableUser('92')
#2 [internal function]: {closure}('92')
#3 /home/ubuntu/workspace/userfrosting/vendor/slim/slim/Slim/Route.php(468): call_user_func_array(Object(Closure), Array)
#4 /home/ubuntu/workspace/userfrosting/vendor/slim/slim/Slim/Slim.php(1357): Slim\Route->dispatch()
#5 /home/ubuntu/workspace/userfrosting/vendor/slim/slim/Slim/Middleware/Flash.php(85): Slim\Slim->call()
#6 /home/ubuntu/workspace/userfrosting/vendor/slim/slim/Slim/Middleware/MethodOverride.php(92): Slim\Middleware\Flash->call()
#7 /home/ubuntu/workspace/userfrosting/auth/CsrfGuard.php(51): Slim\Middleware\MethodOverride->call()
#8 /home/ubuntu/workspace/userfrosting/vendor/slim/slim/Slim/Slim.php(1302): Slim\Extras\Middleware\CsrfGuard->call()
#9 /home/ubuntu/workspace/dashboard/index.php(530): Slim\Slim->run()
#10 {main}
[28-Sep-2016 14:42:02 America/New_York] PHP Fatal error:  Call to a member function store() on a non-object in /home/ubuntu/workspace/userfrosting/controllers/UserController.php on line 669
[28-Sep-2016 14:42:02 America/New_York] PHP Stack trace:
[28-Sep-2016 14:42:02 America/New_York] PHP   1. {main}() /home/ubuntu/workspace/dashboard/index.php:0
[28-Sep-2016 14:42:02 America/New_York] PHP   2. Slim\Slim->run() /home/ubuntu/workspace/dashboard/index.php:530
[28-Sep-2016 14:42:02 America/New_York] PHP   3. Slim\Extras\Middleware\CsrfGuard->call() /home/ubuntu/workspace/userfrosting/vendor/slim/slim/Slim/Slim.php:1302
[28-Sep-2016 14:42:02 America/New_York] PHP   4. Slim\Middleware\MethodOverride->call() /home/ubuntu/workspace/userfrosting/auth/CsrfGuard.php:51
[28-Sep-2016 14:42:02 America/New_York] PHP   5. Slim\Middleware\Flash->call() /home/ubuntu/workspace/userfrosting/vendor/slim/slim/Slim/Middleware/MethodOverride.php:92
[28-Sep-2016 14:42:02 America/New_York] PHP   6. Slim\Slim->call() /home/ubuntu/workspace/userfrosting/vendor/slim/slim/Slim/Middleware/Flash.php:85
[28-Sep-2016 14:42:02 America/New_York] PHP   7. Slim\Route->dispatch() /home/ubuntu/workspace/userfrosting/vendor/slim/slim/Slim/Slim.php:1357
[28-Sep-2016 14:42:02 America/New_York] PHP   8. call_user_func_array:{/home/ubuntu/workspace/userfrosting/vendor/slim/slim/Slim/Route.php:468}() /home/ubuntu/workspace/userfrosting/vendor/slim/slim/Slim/Route.php:468
[28-Sep-2016 14:42:02 America/New_York] PHP   9. {closure:/home/ubuntu/workspace/dashboard/index.php:313-316}() /home/ubuntu/workspace/userfrosting/vendor/slim/slim/Slim/Route.php:468
[28-Sep-2016 14:42:02 America/New_York] PHP  10. UserFrosting\UserController->disableUser() /home/ubuntu/workspace/dashboard/index.php:315
[30-Sep-2016 13:42:36 America/New_York] 
[02-Oct-2016 12:28:05 America/New_York] Error in /home/ubuntu/workspace/userfrosting/vendor/twig/twig/lib/Twig/Parser.php on line 174: Unexpected tag name "player_pick_history" (expecting closing tag for the "if" tag defined near line 28) in "components/user-player-pick-history.html" at line 30
[02-Oct-2016 12:28:05 America/New_York] #0 /home/ubuntu/workspace/userfrosting/vendor/twig/twig/lib/Twig/TokenParser/If.php(41): Twig_Parser->subparse(Array)
#1 /home/ubuntu/workspace/userfrosting/vendor/twig/twig/lib/Twig/Parser.php(187): Twig_TokenParser_If->parse(Object(Twig_Token))
#2 /home/ubuntu/workspace/userfrosting/vendor/twig/twig/lib/Twig/TokenParser/For.php(47): Twig_Parser->subparse(Array)
#3 /home/ubuntu/workspace/userfrosting/vendor/twig/twig/lib/Twig/Parser.php(187): Twig_TokenParser_For->parse(Object(Twig_Token))
#4 /home/ubuntu/workspace/userfrosting/vendor/twig/twig/lib/Twig/TokenParser/If.php(50): Twig_Parser->subparse(Array)
#5 /home/ubuntu/workspace/userfrosting/vendor/twig/twig/lib/Twig/Parser.php(187): Twig_TokenParser_If->parse(Object(Twig_Token))
#6 /home/ubuntu/workspace/userfrosting/vendor/twig/twig/lib/Twig/Parser.php(95): Twig_Parser->subparse(NULL, false)
#7 /home/ubuntu/workspace/userfrosting/vendor/twig/twig/lib/Twig/Environment.php(542): Twig_Parser->parse(Object(Twig_TokenStream))
#8 /home/ubuntu/workspace/userfrosting/vendor/twig/twig/lib/Twig/Environment.php(594): Twig_Environment->parse(Object(Twig_TokenStream))
#9 /home/ubuntu/workspace/userfrosting/vendor/twig/twig/lib/Twig/Environment.php(332): Twig_Environment->compileSource('<div class='pan...', 'components/user...')
#10 /home/ubuntu/workspace/userfrosting/vendor/twig/twig/lib/Twig/Template.php(256): Twig_Environment->loadTemplate('components/user...', NULL)
#11 /home/ubuntu/workspace/userfrosting/vendor/twig/twig/lib/Twig/Environment.php(332) : eval()'d code(72): Twig_Template->loadTemplate('components/user...', 'user_info.html', 30)
#12 /home/ubuntu/workspace/userfrosting/vendor/twig/twig/lib/Twig/Template.php(322): __TwigTemplate_ee16900b65dcfecfa6d49b6429952c6b169379a006491d5b8d40821e1dce8484->doDisplay(Array, Array)
#13 /home/ubuntu/workspace/userfrosting/vendor/twig/twig/lib/Twig/Template.php(296): Twig_Template->displayWithErrorHandling(Array, Array)
#14 /home/ubuntu/workspace/userfrosting/vendor/twig/twig/lib/Twig/Template.php(307): Twig_Template->display(Array)
#15 /home/ubuntu/workspace/userfrosting/vendor/slim/views/Twig.php(91): Twig_Template->render(Array)
#16 /home/ubuntu/workspace/userfrosting/vendor/slim/slim/Slim/View.php(255): Slim\Views\Twig->render('user_info.html', NULL)
#17 /home/ubuntu/workspace/userfrosting/vendor/slim/slim/Slim/View.php(243): Slim\View->fetch('user_info.html', NULL)
#18 /home/ubuntu/workspace/userfrosting/vendor/slim/slim/Slim/Slim.php(757): Slim\View->display('user_info.html')
#19 /home/ubuntu/workspace/userfrosting/controllers/UserController.php(162): Slim\Slim->render('user_info.html', Array)
#20 /home/ubuntu/workspace/dashboard/index.php(273): UserFrosting\UserController->pageUser('21')
#21 [internal function]: {closure}('21')
#22 /home/ubuntu/workspace/userfrosting/vendor/slim/slim/Slim/Route.php(468): call_user_func_array(Object(Closure), Array)
#23 /home/ubuntu/workspace/userfrosting/vendor/slim/slim/Slim/Slim.php(1357): Slim\Route->dispatch()
#24 /home/ubuntu/workspace/userfrosting/vendor/slim/slim/Slim/Middleware/Flash.php(85): Slim\Slim->call()
#25 /home/ubuntu/workspace/userfrosting/vendor/slim/slim/Slim/Middleware/MethodOverride.php(92): Slim\Middleware\Flash->call()
#26 /home/ubuntu/workspace/userfrosting/auth/CsrfGuard.php(51): Slim\Middleware\MethodOverride->call()
#27 /home/ubuntu/workspace/userfrosting/vendor/slim/slim/Slim/Slim.php(1302): Slim\Extras\Middleware\CsrfGuard->call()
#28 /home/ubuntu/workspace/dashboard/index.php(542): Slim\Slim->run()
#29 {main}
[02-Oct-2016 12:28:10 America/New_York] Error in /home/ubuntu/workspace/userfrosting/vendor/twig/twig/lib/Twig/Parser.php on line 174: Unexpected tag name "player_pick_history" (expecting closing tag for the "if" tag defined near line 28) in "components/user-player-pick-history.html" at line 30
[02-Oct-2016 12:28:10 America/New_York] #0 /home/ubuntu/workspace/userfrosting/vendor/twig/twig/lib/Twig/TokenParser/If.php(41): Twig_Parser->subparse(Array)
#1 /home/ubuntu/workspace/userfrosting/vendor/twig/twig/lib/Twig/Parser.php(187): Twig_TokenParser_If->parse(Object(Twig_Token))
#2 /home/ubuntu/workspace/userfrosting/vendor/twig/twig/lib/Twig/TokenParser/For.php(47): Twig_Parser->subparse(Array)
#3 /home/ubuntu/workspace/userfrosting/vendor/twig/twig/lib/Twig/Parser.php(187): Twig_TokenParser_For->parse(Object(Twig_Token))
#4 /home/ubuntu/workspace/userfrosting/vendor/twig/twig/lib/Twig/TokenParser/If.php(50): Twig_Parser->subparse(Array)
#5 /home/ubuntu/workspace/userfrosting/vendor/twig/twig/lib/Twig/Parser.php(187): Twig_TokenParser_If->parse(Object(Twig_Token))
#6 /home/ubuntu/workspace/userfrosting/vendor/twig/twig/lib/Twig/Parser.php(95): Twig_Parser->subparse(NULL, false)
#7 /home/ubuntu/workspace/userfrosting/vendor/twig/twig/lib/Twig/Environment.php(542): Twig_Parser->parse(Object(Twig_TokenStream))
#8 /home/ubuntu/workspace/userfrosting/vendor/twig/twig/lib/Twig/Environment.php(594): Twig_Environment->parse(Object(Twig_TokenStream))
#9 /home/ubuntu/workspace/userfrosting/vendor/twig/twig/lib/Twig/Environment.php(332): Twig_Environment->compileSource('<div class='pan...', 'components/user...')
#10 /home/ubuntu/workspace/userfrosting/vendor/twig/twig/lib/Twig/Template.php(256): Twig_Environment->loadTemplate('components/user...', NULL)
#11 /home/ubuntu/workspace/userfrosting/vendor/twig/twig/lib/Twig/Environment.php(332) : eval()'d code(72): Twig_Template->loadTemplate('components/user...', 'user_info.html', 30)
#12 /home/ubuntu/workspace/userfrosting/vendor/twig/twig/lib/Twig/Template.php(322): __TwigTemplate_ee16900b65dcfecfa6d49b6429952c6b169379a006491d5b8d40821e1dce8484->doDisplay(Array, Array)
#13 /home/ubuntu/workspace/userfrosting/vendor/twig/twig/lib/Twig/Template.php(296): Twig_Template->displayWithErrorHandling(Array, Array)
#14 /home/ubuntu/workspace/userfrosting/vendor/twig/twig/lib/Twig/Template.php(307): Twig_Template->display(Array)
#15 /home/ubuntu/workspace/userfrosting/vendor/slim/views/Twig.php(91): Twig_Template->render(Array)
#16 /home/ubuntu/workspace/userfrosting/vendor/slim/slim/Slim/View.php(255): Slim\Views\Twig->render('user_info.html', NULL)
#17 /home/ubuntu/workspace/userfrosting/vendor/slim/slim/Slim/View.php(243): Slim\View->fetch('user_info.html', NULL)
#18 /home/ubuntu/workspace/userfrosting/vendor/slim/slim/Slim/Slim.php(757): Slim\View->display('user_info.html')
#19 /home/ubuntu/workspace/userfrosting/controllers/UserController.php(162): Slim\Slim->render('user_info.html', Array)
#20 /home/ubuntu/workspace/dashboard/index.php(273): UserFrosting\UserController->pageUser('18')
#21 [internal function]: {closure}('18')
#22 /home/ubuntu/workspace/userfrosting/vendor/slim/slim/Slim/Route.php(468): call_user_func_array(Object(Closure), Array)
#23 /home/ubuntu/workspace/userfrosting/vendor/slim/slim/Slim/Slim.php(1357): Slim\Route->dispatch()
#24 /home/ubuntu/workspace/userfrosting/vendor/slim/slim/Slim/Middleware/Flash.php(85): Slim\Slim->call()
#25 /home/ubuntu/workspace/userfrosting/vendor/slim/slim/Slim/Middleware/MethodOverride.php(92): Slim\Middleware\Flash->call()
#26 /home/ubuntu/workspace/userfrosting/auth/CsrfGuard.php(51): Slim\Middleware\MethodOverride->call()
#27 /home/ubuntu/workspace/userfrosting/vendor/slim/slim/Slim/Slim.php(1302): Slim\Extras\Middleware\CsrfGuard->call()
#28 /home/ubuntu/workspace/dashboard/index.php(542): Slim\Slim->run()
#29 {main}
[02-Oct-2016 12:28:49 America/New_York] Error in /home/ubuntu/workspace/userfrosting/vendor/twig/twig/lib/Twig/Parser.php on line 174: Unexpected tag name "player_pick_history" (expecting closing tag for the "if" tag defined near line 28) in "components/user-player-pick-history.html" at line 30
[02-Oct-2016 12:28:49 America/New_York] #0 /home/ubuntu/workspace/userfrosting/vendor/twig/twig/lib/Twig/TokenParser/If.php(41): Twig_Parser->subparse(Array)
#1 /home/ubuntu/workspace/userfrosting/vendor/twig/twig/lib/Twig/Parser.php(187): Twig_TokenParser_If->parse(Object(Twig_Token))
#2 /home/ubuntu/workspace/userfrosting/vendor/twig/twig/lib/Twig/TokenParser/For.php(47): Twig_Parser->subparse(Array)
#3 /home/ubuntu/workspace/userfrosting/vendor/twig/twig/lib/Twig/Parser.php(187): Twig_TokenParser_For->parse(Object(Twig_Token))
#4 /home/ubuntu/workspace/userfrosting/vendor/twig/twig/lib/Twig/TokenParser/If.php(50): Twig_Parser->subparse(Array)
#5 /home/ubuntu/workspace/userfrosting/vendor/twig/twig/lib/Twig/Parser.php(187): Twig_TokenParser_If->parse(Object(Twig_Token))
#6 /home/ubuntu/workspace/userfrosting/vendor/twig/twig/lib/Twig/Parser.php(95): Twig_Parser->subparse(NULL, false)
#7 /home/ubuntu/workspace/userfrosting/vendor/twig/twig/lib/Twig/Environment.php(542): Twig_Parser->parse(Object(Twig_TokenStream))
#8 /home/ubuntu/workspace/userfrosting/vendor/twig/twig/lib/Twig/Environment.php(594): Twig_Environment->parse(Object(Twig_TokenStream))
#9 /home/ubuntu/workspace/userfrosting/vendor/twig/twig/lib/Twig/Environment.php(332): Twig_Environment->compileSource('<div class='pan...', 'components/user...')
#10 /home/ubuntu/workspace/userfrosting/vendor/twig/twig/lib/Twig/Template.php(256): Twig_Environment->loadTemplate('components/user...', NULL)
#11 /home/ubuntu/workspace/userfrosting/vendor/twig/twig/lib/Twig/Environment.php(332) : eval()'d code(72): Twig_Template->loadTemplate('components/user...', 'user_info.html', 30)
#12 /home/ubuntu/workspace/userfrosting/vendor/twig/twig/lib/Twig/Template.php(322): __TwigTemplate_ee16900b65dcfecfa6d49b6429952c6b169379a006491d5b8d40821e1dce8484->doDisplay(Array, Array)
#13 /home/ubuntu/workspace/userfrosting/vendor/twig/twig/lib/Twig/Template.php(296): Twig_Template->displayWithErrorHandling(Array, Array)
#14 /home/ubuntu/workspace/userfrosting/vendor/twig/twig/lib/Twig/Template.php(307): Twig_Template->display(Array)
#15 /home/ubuntu/workspace/userfrosting/vendor/slim/views/Twig.php(91): Twig_Template->render(Array)
#16 /home/ubuntu/workspace/userfrosting/vendor/slim/slim/Slim/View.php(255): Slim\Views\Twig->render('user_info.html', NULL)
#17 /home/ubuntu/workspace/userfrosting/vendor/slim/slim/Slim/View.php(243): Slim\View->fetch('user_info.html', NULL)
#18 /home/ubuntu/workspace/userfrosting/vendor/slim/slim/Slim/Slim.php(757): Slim\View->display('user_info.html')
#19 /home/ubuntu/workspace/userfrosting/controllers/UserController.php(162): Slim\Slim->render('user_info.html', Array)
#20 /home/ubuntu/workspace/dashboard/index.php(273): UserFrosting\UserController->pageUser('14')
#21 [internal function]: {closure}('14')
#22 /home/ubuntu/workspace/userfrosting/vendor/slim/slim/Slim/Route.php(468): call_user_func_array(Object(Closure), Array)
#23 /home/ubuntu/workspace/userfrosting/vendor/slim/slim/Slim/Slim.php(1357): Slim\Route->dispatch()
#24 /home/ubuntu/workspace/userfrosting/vendor/slim/slim/Slim/Middleware/Flash.php(85): Slim\Slim->call()
#25 /home/ubuntu/workspace/userfrosting/vendor/slim/slim/Slim/Middleware/MethodOverride.php(92): Slim\Middleware\Flash->call()
#26 /home/ubuntu/workspace/userfrosting/auth/CsrfGuard.php(51): Slim\Middleware\MethodOverride->call()
#27 /home/ubuntu/workspace/userfrosting/vendor/slim/slim/Slim/Slim.php(1302): Slim\Extras\Middleware\CsrfGuard->call()
#28 /home/ubuntu/workspace/dashboard/index.php(542): Slim\Slim->run()
#29 {main}
